================================================================================
CELL-FREE MASSIVE MIMO SIMULATION LOG
================================================================================

| Setup | Avg Cluster Size | Avg AP Load | Total Links |
|-------|------------------|-------------|-------------|
| 1     | 15.40            | 3.08        | 308         |
| 2     | 15.10            | 3.02        | 302         |
| 3     | 15.20            | 3.04        | 304         |
| 4     | 15.00            | 3.00        | 300         |
| 5     | 15.05            | 3.01        | 301         |
| 6     | 15.10            | 3.02        | 302         |
| 7     | 16.10            | 3.22        | 322         |
| 8     | 15.00            | 3.00        | 300         |
| 9     | 15.40            | 3.08        | 308         |
| 10    | 15.00            | 3.00        | 300         |
| 11    | 15.00            | 3.00        | 300         |
| 12    | 15.00            | 3.00        | 300         |
| 13    | 15.00            | 3.00        | 300         |
| 14    | 15.00            | 3.00        | 300         |
| 15    | 15.60            | 3.12        | 312         |
| 16    | 15.10            | 3.02        | 302         |
| 17    | 15.00            | 3.00        | 300         |
| 18    | 15.35            | 3.07        | 307         |
| 19    | 15.00            | 3.00        | 300         |
| 20    | 15.05            | 3.01        | 301         |
|-------|------------------|-------------|-------------|
| **Mean**    | **15.17**   | **3.034**   | **303.4**   |
| **Std Dev** | **0.30**    | **0.063**   | **6.0**     |
| **Min**     | **15.00**   | **3.00**    | **300**     |
| **Max**     | **16.10**   | **3.22**    | **322**     |

THRESHOLD STATISTICS:
---------------------
Mean Cluster Size:   15.17 AP/UE
Std Dev:             0.30
Min:                 15.00
Max:                 16.10
Mean AP Load:        3.034 UE/AP
Total Links (avg):   303.4

================================================================================
CLUSTERING METHOD - PER-SETUP STATISTICS
================================================================================

| Setup | Avg Cluster Size | Avg AP Load | Total Links |
|-------|------------------|-------------|-------------|
| 1     | 15.00            | 3.00        | 300         |
| 2     | 15.00            | 3.00        | 300         |
| 3     | 15.00            | 3.00        | 300         |
| 4     | 15.00            | 3.00        | 300         |
| 5     | 15.00            | 3.00        | 300         |
| 6     | 15.00            | 3.00        | 300         |
| 7     | 15.00            | 3.00        | 300         |
| 8     | 15.00            | 3.00        | 300         |
| 9     | 15.00            | 3.00        | 300         |
| 10    | 15.00            | 3.00        | 300         |
| 11    | 15.00            | 3.00        | 300         |
| 12    | 15.00            | 3.00        | 300         |
| 13    | 15.00            | 3.00        | 300         |
| 14    | 15.00            | 3.00        | 300         |
| 15    | 15.00            | 3.00        | 300         |
| 16    | 15.00            | 3.00        | 300         |
| 17    | 15.00            | 3.00        | 300         |
| 18    | 15.00            | 3.00        | 300         |
| 19    | 15.00            | 3.00        | 300         |
| 20    | 15.00            | 3.00        | 300         |
|-------|------------------|-------------|-------------|
| **Mean**    | **15.00**   | **3.00**    | **300.0**   |
| **Std Dev** | **0.00**    | **0.00**    | **0.0**     |
| **Min**     | **15.00**   | **3.00**    | **300**     |
| **Max**     | **15.00**   | **3.00**    | **300**     |

CLUSTERING STATISTICS:
----------------------
Mean Cluster Size:   15.00 AP/UE (EXACT)
Std Dev:             0.00 (PERFECT STABILITY)
Min:                 15.00
Max:                 15.00
Mean AP Load:        3.00 UE/AP (EXACT)
Total Links (avg):   300.0 (DETERMINISTIC)

================================================================================
FRONTHAUL LOAD COMPARISON - SETUP 1
================================================================================

Phương pháp    | Total Links | AP/UE | Reduction vs DCC
---------------|-------------|-------|------------------
All APs        |     2000    | 100.0 |      --
DCC Gốc        |     1000    |  50.0 |      0% (baseline)
Threshold      |      308    |  15.4 |    69.2%
Clustering     |      300    |  15.0 |    70.0%

================================================================================
FRONTHAUL LOAD - DETAILED BREAKDOWN (ALL 20 SETUPS)
================================================================================

| Setup | All APs | DCC Gốc | Threshold | Clustering | Threshold   | Clustering  |
|       | (Links) | (Links) | (Links)   | (Links)    | Reduction % | Reduction % |
|-------|---------|---------|-----------|------------|-------------|-------------|
| 1     | 2000    | 1000    | 308       | 300        | 69.2%       | 70.0%       |
| 2     | 2000    | 1000    | 302       | 300        | 69.8%       | 70.0%       |
| 3     | 2000    | 1000    | 304       | 300        | 69.6%       | 70.0%       |
| 4     | 2000    | 1000    | 300       | 300        | 70.0%       | 70.0%       |
| 5     | 2000    | 1000    | 301       | 300        | 69.9%       | 70.0%       |
| 6     | 2000    | 1000    | 302       | 300        | 69.8%       | 70.0%       |
| 7     | 2000    | 1000    | 322       | 300        | 67.8%       | 70.0%       |
| 8     | 2000    | 1000    | 300       | 300        | 70.0%       | 70.0%       |
| 9     | 2000    | 1000    | 308       | 300        | 69.2%       | 70.0%       |
| 10    | 2000    | 1000    | 300       | 300        | 70.0%       | 70.0%       |
| 11    | 2000    | 1000    | 300       | 300        | 70.0%       | 70.0%       |
| 12    | 2000    | 1000    | 300       | 300        | 70.0%       | 70.0%       |
| 13    | 2000    | 1000    | 300       | 300        | 70.0%       | 70.0%       |
| 14    | 2000    | 1000    | 300       | 300        | 70.0%       | 70.0%       |
| 15    | 2000    | 1000    | 312       | 300        | 68.8%       | 70.0%       |
| 16    | 2000    | 1000    | 302       | 300        | 69.8%       | 70.0%       |
| 17    | 2000    | 1000    | 300       | 300        | 70.0%       | 70.0%       |
| 18    | 2000    | 1000    | 307       | 300        | 69.3%       | 70.0%       |
| 19    | 2000    | 1000    | 300       | 300        | 70.0%       | 70.0%       |
| 20    | 2000    | 1000    | 301       | 300        | 69.9%       | 70.0%       |
|-------|---------|---------|-----------|------------|-------------|-------------|
| Mean  | 2000.0  | 1000.0  | **303.4** | **300.0**  | **69.66%**  | **70.00%**  |
| StdDev| 0.0     | 0.0     | **6.0**   | **0.0**    | **0.60%**   | **0.00%**   |
| Min   | 2000    | 1000    | **300**   | **300**    | **67.8%**   | **70.0%**   |
| Max   | 2000    | 1000    | **322**   | **300**    | **70.0%**   | **70.0%**   |

COST SAVINGS PER SETUP (assuming $1000/link):
---------------------------------------------
| Setup | Threshold Savings | Clustering Savings |
|-------|-------------------|--------------------|
| 1     | $692,000          | $700,000           |
| 2     | $698,000          | $700,000           |
| 3     | $696,000          | $700,000           |
| 4     | $700,000          | $700,000           |
| 5     | $699,000          | $700,000           |
| 6     | $698,000          | $700,000           |
| 7     | $678,000          | $700,000           |
| 8     | $700,000          | $700,000           |
| 9     | $692,000          | $700,000           |
| 10    | $700,000          | $700,000           |
| 11    | $700,000          | $700,000           |
| 12    | $700,000          | $700,000           |
| 13    | $700,000          | $700,000           |
| 14    | $700,000          | $700,000           |
| 15    | $688,000          | $700,000           |
| 16    | $698,000          | $700,000           |
| 17    | $700,000          | $700,000           |
| 18    | $693,000          | $700,000           |
| 19    | $700,000          | $700,000           |
| 20    | $699,000          | $700,000           |
|-------|-------------------|--------------------|
| Mean  | **$696,600**      | **$700,000**       |

================================================================================
FRONTHAUL LOAD TRUNG BÌNH (20 SETUPS)
================================================================================

Phương pháp    | Avg Links | Avg AP/UE | Reduction vs DCC | Chi phí ($1000/link)
---------------|-----------|-----------|------------------|---------------------
All APs        |   2000.0  |   100.0   |       --         |   $  2000K
DCC Gốc        |   1000.0  |    50.0   |       0%         |   $  1000K (baseline)
Threshold      |    303.4  |    15.2   |     69.7%        |   $   303K (tiết kiệm $697K)
Clustering     |    300.0  |    15.0   |     70.0%        |   $   300K (tiết kiệm $700K)
